{
  "stats": {
    "suites": 3,
    "tests": 3,
    "passes": 3,
    "pending": 0,
    "failures": 0,
    "start": "2017-05-25T11:42:51.095Z",
    "end": "2017-05-25T11:42:51.106Z",
    "duration": 11,
    "testsRegistered": 3,
    "passPercent": 100,
    "pendingPercent": 0,
    "other": 0,
    "hasOther": false,
    "skipped": 0,
    "hasSkipped": false,
    "passPercentClass": "success",
    "pendingPercentClass": "danger"
  },
  "suites": {
    "title": "",
    "suites": [
      {
        "title": "加法函数测试",
        "suites": [],
        "tests": [
          {
            "title": "1 + 1 = 2",
            "fullTitle": "加法函数测试 1 + 1 = 2",
            "timedOut": false,
            "duration": 1,
            "state": "passed",
            "speed": "fast",
            "pass": true,
            "fail": false,
            "pending": false,
            "code": "// expect(isNum(1)).to.be.ok\n// isNum(1).should.equal(true)\nexpect(_test2.default.add(1, 1)).to.be.equal(2);",
            "err": {},
            "isRoot": false,
            "uuid": "f493e5d8-ed28-45c7-b35d-d384f0a79bc5",
            "parentUUID": "e90ff293-0300-47f3-9357-8679f8caa5d0",
            "isHook": false,
            "skipped": false
          }
        ],
        "pending": [],
        "root": false,
        "_timeout": 2000,
        "file": "/test/index.test.js",
        "uuid": "e90ff293-0300-47f3-9357-8679f8caa5d0",
        "failedHooks": [],
        "fullFile": "/Users/dave/Desktop/dave/Test/TestTool/test/index.test.js",
        "passes": [
          {
            "title": "1 + 1 = 2",
            "fullTitle": "加法函数测试 1 + 1 = 2",
            "timedOut": false,
            "duration": 1,
            "state": "passed",
            "speed": "fast",
            "pass": true,
            "fail": false,
            "pending": false,
            "code": "// expect(isNum(1)).to.be.ok\n// isNum(1).should.equal(true)\nexpect(_test2.default.add(1, 1)).to.be.equal(2);",
            "err": {},
            "isRoot": false,
            "uuid": "f493e5d8-ed28-45c7-b35d-d384f0a79bc5",
            "parentUUID": "e90ff293-0300-47f3-9357-8679f8caa5d0",
            "isHook": false,
            "skipped": false
          }
        ],
        "failures": [],
        "skipped": [],
        "hasTests": true,
        "hasFailedHooks": false,
        "hasSuites": false,
        "totalTests": 1,
        "totalPasses": 1,
        "totalFailures": 0,
        "totalPending": 0,
        "totalSkipped": 0,
        "hasPasses": true,
        "hasFailures": false,
        "hasPending": false,
        "hasSkipped": false,
        "duration": 1,
        "rootEmpty": false
      },
      {
        "title": "test.js的测试",
        "suites": [],
        "tests": [
          {
            "title": "1 应该是数字",
            "fullTitle": "test.js的测试 1 应该是数字",
            "timedOut": false,
            "duration": 1,
            "state": "passed",
            "speed": "fast",
            "pass": true,
            "fail": false,
            "pending": false,
            "code": "// expect(isNum(1)).to.be.ok\n// isNum(1).should.equal(true)\nexpect(box).to.be.ok;",
            "err": {},
            "isRoot": false,
            "uuid": "2158252a-14f4-4d37-9acb-c7c64b1caa1d",
            "parentUUID": "724ffaae-f77d-4229-a393-2c25372c874d",
            "isHook": false,
            "skipped": false
          }
        ],
        "pending": [],
        "root": false,
        "_timeout": 2000,
        "file": "/test/test.test.js",
        "uuid": "724ffaae-f77d-4229-a393-2c25372c874d",
        "failedHooks": [],
        "fullFile": "/Users/dave/Desktop/dave/Test/TestTool/test/test.test.js",
        "passes": [
          {
            "title": "1 应该是数字",
            "fullTitle": "test.js的测试 1 应该是数字",
            "timedOut": false,
            "duration": 1,
            "state": "passed",
            "speed": "fast",
            "pass": true,
            "fail": false,
            "pending": false,
            "code": "// expect(isNum(1)).to.be.ok\n// isNum(1).should.equal(true)\nexpect(box).to.be.ok;",
            "err": {},
            "isRoot": false,
            "uuid": "2158252a-14f4-4d37-9acb-c7c64b1caa1d",
            "parentUUID": "724ffaae-f77d-4229-a393-2c25372c874d",
            "isHook": false,
            "skipped": false
          }
        ],
        "failures": [],
        "skipped": [],
        "hasTests": true,
        "hasFailedHooks": false,
        "hasSuites": false,
        "totalTests": 1,
        "totalPasses": 1,
        "totalFailures": 0,
        "totalPending": 0,
        "totalSkipped": 0,
        "hasPasses": true,
        "hasFailures": false,
        "hasPending": false,
        "hasSkipped": false,
        "duration": 1,
        "rootEmpty": false
      },
      {
        "title": "生成时间函数",
        "suites": [],
        "tests": [
          {
            "title": "-1 应该获取昨天的时间",
            "fullTitle": "生成时间函数 -1 应该获取昨天的时间",
            "timedOut": false,
            "duration": 1,
            "state": "passed",
            "speed": "fast",
            "pass": true,
            "fail": false,
            "pending": false,
            "code": "expect(_test2.default.getTime(-1)).to.be.equal('2017-05-24');",
            "err": {},
            "isRoot": false,
            "uuid": "e53fc9bc-92bb-4c14-98b3-2ddd98f5338f",
            "parentUUID": "dc09bd0c-3f43-442f-b635-b65bccd6695e",
            "isHook": false,
            "skipped": false
          }
        ],
        "pending": [],
        "root": false,
        "_timeout": 2000,
        "file": "/test/test.test.js",
        "uuid": "dc09bd0c-3f43-442f-b635-b65bccd6695e",
        "failedHooks": [],
        "fullFile": "/Users/dave/Desktop/dave/Test/TestTool/test/test.test.js",
        "passes": [
          {
            "title": "-1 应该获取昨天的时间",
            "fullTitle": "生成时间函数 -1 应该获取昨天的时间",
            "timedOut": false,
            "duration": 1,
            "state": "passed",
            "speed": "fast",
            "pass": true,
            "fail": false,
            "pending": false,
            "code": "expect(_test2.default.getTime(-1)).to.be.equal('2017-05-24');",
            "err": {},
            "isRoot": false,
            "uuid": "e53fc9bc-92bb-4c14-98b3-2ddd98f5338f",
            "parentUUID": "dc09bd0c-3f43-442f-b635-b65bccd6695e",
            "isHook": false,
            "skipped": false
          }
        ],
        "failures": [],
        "skipped": [],
        "hasTests": true,
        "hasFailedHooks": false,
        "hasSuites": false,
        "totalTests": 1,
        "totalPasses": 1,
        "totalFailures": 0,
        "totalPending": 0,
        "totalSkipped": 0,
        "hasPasses": true,
        "hasFailures": false,
        "hasPending": false,
        "hasSkipped": false,
        "duration": 1,
        "rootEmpty": false
      }
    ],
    "tests": [],
    "pending": [],
    "root": true,
    "_timeout": 2000,
    "uuid": "6e388260-870f-4e77-b466-8104076a69e1",
    "failedHooks": [],
    "fullFile": "",
    "file": "",
    "passes": [],
    "failures": [],
    "skipped": [],
    "hasTests": false,
    "hasFailedHooks": false,
    "hasSuites": true,
    "totalTests": 0,
    "totalPasses": 0,
    "totalFailures": 0,
    "totalPending": 0,
    "totalSkipped": 0,
    "hasPasses": false,
    "hasFailures": false,
    "hasPending": false,
    "hasSkipped": false,
    "duration": 0,
    "rootEmpty": true
  },
  "allTests": [
    {
      "title": "1 + 1 = 2",
      "fullTitle": "加法函数测试 1 + 1 = 2",
      "timedOut": false,
      "duration": 1,
      "state": "passed",
      "speed": "fast",
      "pass": true,
      "fail": false,
      "pending": false,
      "code": "// expect(isNum(1)).to.be.ok\n// isNum(1).should.equal(true)\nexpect(_test2.default.add(1, 1)).to.be.equal(2);",
      "err": {},
      "isRoot": false,
      "uuid": "f493e5d8-ed28-45c7-b35d-d384f0a79bc5",
      "parentUUID": "e90ff293-0300-47f3-9357-8679f8caa5d0",
      "isHook": false,
      "skipped": false
    },
    {
      "title": "1 应该是数字",
      "fullTitle": "test.js的测试 1 应该是数字",
      "timedOut": false,
      "duration": 1,
      "state": "passed",
      "speed": "fast",
      "pass": true,
      "fail": false,
      "pending": false,
      "code": "// expect(isNum(1)).to.be.ok\n// isNum(1).should.equal(true)\nexpect(box).to.be.ok;",
      "err": {},
      "isRoot": false,
      "uuid": "2158252a-14f4-4d37-9acb-c7c64b1caa1d",
      "parentUUID": "724ffaae-f77d-4229-a393-2c25372c874d",
      "isHook": false,
      "skipped": false
    },
    {
      "title": "-1 应该获取昨天的时间",
      "fullTitle": "生成时间函数 -1 应该获取昨天的时间",
      "timedOut": false,
      "duration": 1,
      "state": "passed",
      "speed": "fast",
      "pass": true,
      "fail": false,
      "pending": false,
      "code": "expect(_test2.default.getTime(-1)).to.be.equal('2017-05-24');",
      "err": {},
      "isRoot": false,
      "uuid": "e53fc9bc-92bb-4c14-98b3-2ddd98f5338f",
      "parentUUID": "dc09bd0c-3f43-442f-b635-b65bccd6695e",
      "isHook": false,
      "skipped": false
    }
  ],
  "allPending": [],
  "allPasses": [
    {
      "title": "1 + 1 = 2",
      "fullTitle": "加法函数测试 1 + 1 = 2",
      "timedOut": false,
      "duration": 1,
      "state": "passed",
      "speed": "fast",
      "pass": true,
      "fail": false,
      "pending": false,
      "code": "// expect(isNum(1)).to.be.ok\n// isNum(1).should.equal(true)\nexpect(_test2.default.add(1, 1)).to.be.equal(2);",
      "err": {},
      "isRoot": false,
      "uuid": "f493e5d8-ed28-45c7-b35d-d384f0a79bc5",
      "parentUUID": "e90ff293-0300-47f3-9357-8679f8caa5d0",
      "isHook": false,
      "skipped": false
    },
    {
      "title": "1 应该是数字",
      "fullTitle": "test.js的测试 1 应该是数字",
      "timedOut": false,
      "duration": 1,
      "state": "passed",
      "speed": "fast",
      "pass": true,
      "fail": false,
      "pending": false,
      "code": "// expect(isNum(1)).to.be.ok\n// isNum(1).should.equal(true)\nexpect(box).to.be.ok;",
      "err": {},
      "isRoot": false,
      "uuid": "2158252a-14f4-4d37-9acb-c7c64b1caa1d",
      "parentUUID": "724ffaae-f77d-4229-a393-2c25372c874d",
      "isHook": false,
      "skipped": false
    },
    {
      "title": "-1 应该获取昨天的时间",
      "fullTitle": "生成时间函数 -1 应该获取昨天的时间",
      "timedOut": false,
      "duration": 1,
      "state": "passed",
      "speed": "fast",
      "pass": true,
      "fail": false,
      "pending": false,
      "code": "expect(_test2.default.getTime(-1)).to.be.equal('2017-05-24');",
      "err": {},
      "isRoot": false,
      "uuid": "e53fc9bc-92bb-4c14-98b3-2ddd98f5338f",
      "parentUUID": "dc09bd0c-3f43-442f-b635-b65bccd6695e",
      "isHook": false,
      "skipped": false
    }
  ],
  "allFailures": [],
  "copyrightYear": 2017
}